# JRE version: OpenJDK Runtime Environment (8.0_202-b03) (build 1.8.0_202-release-1483-b03)
# Java VM: OpenJDK 64-Bit Server VM (25.202-b03 mixed mode windows-amd64 compressed oops)
Heap:
 PSYoungGen      total 140800K, used 119931K [0x00000000e0000000, 0x00000000ea180000, 0x0000000100000000)
  eden space 130560K, 91% used [0x00000000e0000000,0x00000000e751ee10,0x00000000e7f80000)
  from space 10240K, 0% used [0x00000000e8900000,0x00000000e8900000,0x00000000e9300000)
  to   space 9728K, 0% used [0x00000000e7f80000,0x00000000e7f80000,0x00000000e8900000)
 ParOldGen       total 55808K, used 15771K [0x00000000a0000000, 0x00000000a3680000, 0x00000000e0000000)
  object space 55808K, 28% used [0x00000000a0000000,0x00000000a0f66ee0,0x00000000a3680000)
 Metaspace       used 45454K, capacity 46382K, committed 46680K, reserved 1089536K
  class space    used 6123K, capacity 6402K, committed 6528K, reserved 1048576K
GC Heap History (10 events):
Event: 42.933 GC heap before
{Heap before GC invocations=8 (full 1):
 PSYoungGen      total 60416K, used 4813K [0x00000000e0000000, 0x00000000e7500000, 0x0000000100000000)
  eden space 52224K, 0% used [0x00000000e0000000,0x00000000e0000000,0x00000000e3300000)
  from space 8192K, 58% used [0x00000000e3300000,0x00000000e37b35f8,0x00000000e3b00000)
  to   space 7680K, 0% used [0x00000000e6d80000,0x00000000e6d80000,0x00000000e7500000)
 ParOldGen       total 44032K, used 10694K [0x00000000a0000000, 0x00000000a2b00000, 0x00000000e0000000)
  object space 44032K, 24% used [0x00000000a0000000,0x00000000a0a71878,0x00000000a2b00000)
 Metaspace       used 20744K, capacity 21116K, committed 21248K, reserved 1067008K
  class space    used 2916K, capacity 3062K, committed 3072K, reserved 1048576K
Event: 43.148 GC heap after
Heap after GC invocations=8 (full 1):
 PSYoungGen      total 60416K, used 0K [0x00000000e0000000, 0x00000000e7500000, 0x0000000100000000)
  eden space 52224K, 0% used [0x00000000e0000000,0x00000000e0000000,0x00000000e3300000)
  from space 8192K, 0% used [0x00000000e3300000,0x00000000e3300000,0x00000000e3b00000)
  to   space 7680K, 0% used [0x00000000e6d80000,0x00000000e6d80000,0x00000000e7500000)
 ParOldGen       total 38400K, used 13082K [0x00000000a0000000, 0x00000000a2580000, 0x00000000e0000000)
  object space 38400K, 34% used [0x00000000a0000000,0x00000000a0cc6978,0x00000000a2580000)
 Metaspace       used 20744K, capacity 21116K, committed 21248K, reserved 1067008K
  class space    used 2916K, capacity 3062K, committed 3072K, reserved 1048576K
}
Event: 49.158 GC heap before
{Heap before GC invocations=9 (full 1):
 PSYoungGen      total 60416K, used 52224K [0x00000000e0000000, 0x00000000e7500000, 0x0000000100000000)
  eden space 52224K, 100% used [0x00000000e0000000,0x00000000e3300000,0x00000000e3300000)
  from space 8192K, 0% used [0x00000000e3300000,0x00000000e3300000,0x00000000e3b00000)
  to   space 7680K, 0% used [0x00000000e6d80000,0x00000000e6d80000,0x00000000e7500000)
 ParOldGen       total 38400K, used 13082K [0x00000000a0000000, 0x00000000a2580000, 0x00000000e0000000)
  object space 38400K, 34% used [0x00000000a0000000,0x00000000a0cc6978,0x00000000a2580000)
 Metaspace       used 27445K, capacity 27962K, committed 28288K, reserved 1073152K
  class space    used 3741K, capacity 3906K, committed 3968K, reserved 1048576K
Event: 49.194 GC heap after
Heap after GC invocations=9 (full 1):
 PSYoungGen      total 98304K, used 6771K [0x00000000e0000000, 0x00000000e7480000, 0x0000000100000000)
  eden space 91136K, 0% used [0x00000000e0000000,0x00000000e0000000,0x00000000e5900000)
  from space 7168K, 94% used [0x00000000e6d80000,0x00000000e741cf18,0x00000000e7480000)
  to   space 8192K, 0% used [0x00000000e6480000,0x00000000e6480000,0x00000000e6c80000)
 ParOldGen       total 38400K, used 13090K [0x00000000a0000000, 0x00000000a2580000, 0x00000000e0000000)
  object space 38400K, 34% used [0x00000000a0000000,0x00000000a0cc8978,0x00000000a2580000)
 Metaspace       used 27445K, capacity 27962K, committed 28288K, reserved 1073152K
  class space    used 3741K, capacity 3906K, committed 3968K, reserved 1048576K
}
Event: 56.455 GC heap before
{Heap before GC invocations=10 (full 1):
 PSYoungGen      total 98304K, used 97907K [0x00000000e0000000, 0x00000000e7480000, 0x0000000100000000)
  eden space 91136K, 100% used [0x00000000e0000000,0x00000000e5900000,0x00000000e5900000)
  from space 7168K, 94% used [0x00000000e6d80000,0x00000000e741cf18,0x00000000e7480000)
  to   space 8192K, 0% used [0x00000000e6480000,0x00000000e6480000,0x00000000e6c80000)
 ParOldGen       total 38400K, used 13090K [0x00000000a0000000, 0x00000000a2580000, 0x00000000e0000000)
  object space 38400K, 34% used [0x00000000a0000000,0x00000000a0cc8978,0x00000000a2580000)
 Metaspace       used 32839K, capacity 33326K, committed 33664K, reserved 1079296K
  class space    used 4516K, capacity 4664K, committed 4736K, reserved 1048576K
Event: 56.508 GC heap after
Heap after GC invocations=10 (full 1):
 PSYoungGen      total 111104K, used 8175K [0x00000000e0000000, 0x00000000e9300000, 0x0000000100000000)
  eden space 102912K, 0% used [0x00000000e0000000,0x00000000e0000000,0x00000000e6480000)
  from space 8192K, 99% used [0x00000000e6480000,0x00000000e6c7bcd8,0x00000000e6c80000)
  to   space 10240K, 0% used [0x00000000e8900000,0x00000000e8900000,0x00000000e9300000)
 ParOldGen       total 38400K, used 15167K [0x00000000a0000000, 0x00000000a2580000, 0x00000000e0000000)
  object space 38400K, 39% used [0x00000000a0000000,0x00000000a0ecfc60,0x00000000a2580000)
 Metaspace       used 32839K, capacity 33326K, committed 33664K, reserved 1079296K
  class space    used 4516K, capacity 4664K, committed 4736K, reserved 1048576K
}
Event: 62.703 GC heap before
{Heap before GC invocations=11 (full 1):
 PSYoungGen      total 111104K, used 45150K [0x00000000e0000000, 0x00000000e9300000, 0x0000000100000000)
  eden space 102912K, 35% used [0x00000000e0000000,0x00000000e241bd40,0x00000000e6480000)
  from space 8192K, 99% used [0x00000000e6480000,0x00000000e6c7bcd8,0x00000000e6c80000)
  to   space 10240K, 0% used [0x00000000e8900000,0x00000000e8900000,0x00000000e9300000)
 ParOldGen       total 38400K, used 15167K [0x00000000a0000000, 0x00000000a2580000, 0x00000000e0000000)
  object space 38400K, 39% used [0x00000000a0000000,0x00000000a0ecfc60,0x00000000a2580000)
 Metaspace       used 34518K, capacity 35180K, committed 35416K, reserved 1079296K
  class space    used 4748K, capacity 4933K, committed 4992K, reserved 1048576K
Event: 62.752 GC heap after
Heap after GC invocations=11 (full 1):
 PSYoungGen      total 140800K, used 6231K [0x00000000e0000000, 0x00000000ea180000, 0x0000000100000000)
  eden space 130560K, 0% used [0x00000000e0000000,0x00000000e0000000,0x00000000e7f80000)
  from space 10240K, 60% used [0x00000000e8900000,0x00000000e8f15f48,0x00000000e9300000)
  to   space 9728K, 0% used [0x00000000e7f80000,0x00000000e7f80000,0x00000000e8900000)
 ParOldGen       total 38400K, used 18087K [0x00000000a0000000, 0x00000000a2580000, 0x00000000e0000000)
  object space 38400K, 47% used [0x00000000a0000000,0x00000000a11a9c70,0x00000000a2580000)
 Metaspace       used 34518K, capacity 35180K, committed 35416K, reserved 1079296K
  class space    used 4748K, capacity 4933K, committed 4992K, reserved 1048576K
}
Event: 62.752 GC heap before
{Heap before GC invocations=12 (full 2):
 PSYoungGen      total 140800K, used 6231K [0x00000000e0000000, 0x00000000ea180000, 0x0000000100000000)
  eden space 130560K, 0% used [0x00000000e0000000,0x00000000e0000000,0x00000000e7f80000)
  from space 10240K, 60% used [0x00000000e8900000,0x00000000e8f15f48,0x00000000e9300000)
  to   space 9728K, 0% used [0x00000000e7f80000,0x00000000e7f80000,0x00000000e8900000)
 ParOldGen       total 38400K, used 18087K [0x00000000a0000000, 0x00000000a2580000, 0x00000000e0000000)
  object space 38400K, 47% used [0x00000000a0000000,0x00000000a11a9c70,0x00000000a2580000)
 Metaspace       used 34518K, capacity 35180K, committed 35416K, reserved 1079296K
  class space    used 4748K, capacity 4933K, committed 4992K, reserved 1048576K
Event: 63.697 GC heap after
Heap after GC invocations=12 (full 2):
 PSYoungGen      total 140800K, used 0K [0x00000000e0000000, 0x00000000ea180000, 0x0000000100000000)
  eden space 130560K, 0% used [0x00000000e0000000,0x00000000e0000000,0x00000000e7f80000)
  from space 10240K, 0% used [0x00000000e8900000,0x00000000e8900000,0x00000000e9300000)
  to   space 9728K, 0% used [0x00000000e7f80000,0x00000000e7f80000,0x00000000e8900000)
 ParOldGen       total 55808K, used 15771K [0x00000000a0000000, 0x00000000a3680000, 0x00000000e0000000)
  object space 55808K, 28% used [0x00000000a0000000,0x00000000a0f66ee0,0x00000000a3680000)
 Metaspace       used 34518K, capacity 35180K, committed 35416K, reserved 1079296K
  class space    used 4748K, capacity 4933K, committed 4992K, reserved 1048576K
}

